<?xml version="1.0" encoding="UTF-8"?>
<coverage generated="1763339918714" clover="3.2.0">
  <project timestamp="1763339918714" name="All files">
    <metrics statements="53" coveredstatements="51" conditionals="71" coveredconditionals="64" methods="17" coveredmethods="16" elements="141" coveredelements="131" complexity="0" loc="53" ncloc="53" packages="2" files="4" classes="4"/>
    <package name="integration-features">
      <metrics statements="41" coveredstatements="39" conditionals="59" coveredconditionals="52" methods="15" coveredmethods="14"/>
      <file name="edit.tsx" path="/Users/danieliser/Projects/ProContent/WebsiteCode/integration-features/src/integration-features/edit.tsx">
        <metrics statements="30" coveredstatements="29" conditionals="43" coveredconditionals="42" methods="14" coveredmethods="13"/>
        <line num="23" count="3" type="stmt"/>
        <line num="47" count="41" type="stmt"/>
        <line num="52" count="41" type="stmt"/>
        <line num="54" count="1" type="stmt"/>
        <line num="55" count="1" type="stmt"/>
        <line num="64" count="41" type="stmt"/>
        <line num="65" count="41" type="cond" truecount="1" falsecount="1"/>
        <line num="72" count="41" type="stmt"/>
        <line num="73" count="3" type="stmt"/>
        <line num="79" count="41" type="stmt"/>
        <line num="80" count="10" type="stmt"/>
        <line num="86" count="41" type="stmt"/>
        <line num="87" count="3" type="stmt"/>
        <line num="93" count="41" type="stmt"/>
        <line num="94" count="33" type="cond" truecount="2" falsecount="0"/>
        <line num="95" count="4" type="cond" truecount="2" falsecount="0"/>
        <line num="97" count="29" type="cond" truecount="2" falsecount="0"/>
        <line num="103" count="41" type="stmt"/>
        <line num="110" count="41" type="stmt"/>
        <line num="126" count="41" type="stmt"/>
        <line num="128" count="41" type="stmt"/>
        <line num="136" count="123" type="stmt"/>
        <line num="139" count="3" type="stmt"/>
        <line num="152" count="1" type="stmt"/>
        <line num="157" count="0" type="stmt"/>
        <line num="172" count="1" type="stmt"/>
        <line num="177" count="1" type="stmt"/>
        <line num="198" count="11" type="cond" truecount="4" falsecount="0"/>
        <line num="199" count="1" type="stmt"/>
        <line num="200" count="1" type="stmt"/>
      </file>
      <file name="index.ts" path="/Users/danieliser/Projects/ProContent/WebsiteCode/integration-features/src/integration-features/index.ts">
        <metrics statements="1" coveredstatements="1" conditionals="0" coveredconditionals="0" methods="0" coveredmethods="0"/>
        <line num="31" count="1" type="stmt"/>
      </file>
      <file name="save.tsx" path="/Users/danieliser/Projects/ProContent/WebsiteCode/integration-features/src/integration-features/save.tsx">
        <metrics statements="10" coveredstatements="9" conditionals="16" coveredconditionals="10" methods="1" coveredmethods="1"/>
        <line num="8" count="3" type="stmt"/>
        <line num="36" count="46" type="stmt"/>
        <line num="41" count="46" type="stmt"/>
        <line num="50" count="46" type="cond" truecount="2" falsecount="0"/>
        <line num="56" count="46" type="cond" truecount="1" falsecount="1"/>
        <line num="62" count="46" type="cond" truecount="2" falsecount="0"/>
        <line num="67" count="46" type="stmt"/>
        <line num="74" count="46" type="cond" truecount="1" falsecount="1"/>
        <line num="76" count="46" type="stmt"/>
        <line num="106" count="0" type="stmt"/>
      </file>
    </package>
    <package name="integration-features.lib">
      <metrics statements="12" coveredstatements="12" conditionals="12" coveredconditionals="12" methods="2" coveredmethods="2"/>
      <file name="hasDescription.ts" path="/Users/danieliser/Projects/ProContent/WebsiteCode/integration-features/src/integration-features/lib/hasDescription.ts">
        <metrics statements="12" coveredstatements="12" conditionals="12" coveredconditionals="12" methods="2" coveredmethods="2"/>
        <line num="13" count="65" type="cond" truecount="4" falsecount="0"/>
        <line num="14" count="11" type="stmt"/>
        <line num="17" count="54" type="stmt"/>
        <line num="18" count="56" type="stmt"/>
        <line num="20" count="56" type="cond" truecount="4" falsecount="0"/>
        <line num="23" count="51" type="cond" truecount="2" falsecount="0"/>
        <line num="24" count="51" type="stmt"/>
        <line num="27" count="3" type="cond" truecount="2" falsecount="0"/>
        <line num="28" count="3" type="stmt"/>
        <line num="32" count="2" type="stmt"/>
        <line num="36" count="54" type="stmt"/>
        <line num="37" count="54" type="stmt"/>
      </file>
    </package>
  </project>
</coverage>
