{"/Users/danieliser/Projects/ProContent/WebsiteCode/integration-features/src/integration-features/edit.tsx": {"path":"/Users/danieliser/Projects/ProContent/WebsiteCode/integration-features/src/integration-features/edit.tsx","statementMap":{"0":{"start":{"line":23,"column":50},"end":{"line":39,"column":1}},"1":{"start":{"line":47,"column":59},"end":{"line":47,"column":69}},"2":{"start":{"line":52,"column":21},"end":{"line":58,"column":2}},"3":{"start":{"line":54,"column":23},"end":{"line":54,"column":57}},"4":{"start":{"line":55,"column":3},"end":{"line":55,"column":68}},"5":{"start":{"line":64,"column":24},"end":{"line":67,"column":2}},"6":{"start":{"line":65,"column":8},"end":{"line":65,"column":48}},"7":{"start":{"line":72,"column":22},"end":{"line":74,"column":2}},"8":{"start":{"line":73,"column":2},"end":{"line":73,"column":35}},"9":{"start":{"line":79,"column":23},"end":{"line":81,"column":2}},"10":{"start":{"line":80,"column":2},"end":{"line":80,"column":37}},"11":{"start":{"line":86,"column":20},"end":{"line":88,"column":2}},"12":{"start":{"line":87,"column":2},"end":{"line":87,"column":37}},"13":{"start":{"line":93,"column":17},"end":{"line":98,"column":2}},"14":{"start":{"line":94,"column":2},"end":{"line":96,"column":3}},"15":{"start":{"line":95,"column":3},"end":{"line":95,"column":29}},"16":{"start":{"line":97,"column":2},"end":{"line":97,"column":28}},"17":{"start":{"line":103,"column":20},"end":{"line":105,"column":3}},"18":{"start":{"line":110,"column":26},"end":{"line":121,"column":2}},"19":{"start":{"line":126,"column":21},"end":{"line":126,"column":38}},"20":{"start":{"line":128,"column":1},"end":{"line":252,"column":3}},"21":{"start":{"line":136,"column":74},"end":{"line":140,"column":7}},"22":{"start":{"line":139,"column":22},"end":{"line":139,"column":55}},"23":{"start":{"line":152,"column":24},"end":{"line":152,"column":62}},"24":{"start":{"line":157,"column":24},"end":{"line":157,"column":63}},"25":{"start":{"line":172,"column":24},"end":{"line":172,"column":63}},"26":{"start":{"line":177,"column":24},"end":{"line":177,"column":66}},"27":{"start":{"line":198,"column":9},"end":{"line":201,"column":10}},"28":{"start":{"line":199,"column":10},"end":{"line":199,"column":29}},"29":{"start":{"line":200,"column":10},"end":{"line":200,"column":23}}},"fnMap":{"0":{"name":"Edit","decl":{"start":{"line":46,"column":24},"end":{"line":46,"column":28}},"loc":{"start":{"line":46,"column":81},"end":{"line":253,"column":1}},"line":46},"1":{"name":"(anonymous_1)","decl":{"start":{"line":53,"column":2},"end":{"line":53,"column":3}},"loc":{"start":{"line":53,"column":14},"end":{"line":56,"column":3}},"line":53},"2":{"name":"(anonymous_2)","decl":{"start":{"line":65,"column":2},"end":{"line":65,"column":3}},"loc":{"start":{"line":65,"column":8},"end":{"line":65,"column":48}},"line":65},"3":{"name":"(anonymous_3)","decl":{"start":{"line":72,"column":22},"end":{"line":72,"column":23}},"loc":{"start":{"line":72,"column":45},"end":{"line":74,"column":2}},"line":72},"4":{"name":"(anonymous_4)","decl":{"start":{"line":79,"column":23},"end":{"line":79,"column":24}},"loc":{"start":{"line":79,"column":45},"end":{"line":81,"column":2}},"line":79},"5":{"name":"(anonymous_5)","decl":{"start":{"line":86,"column":20},"end":{"line":86,"column":21}},"loc":{"start":{"line":86,"column":26},"end":{"line":88,"column":2}},"line":86},"6":{"name":"(anonymous_6)","decl":{"start":{"line":93,"column":17},"end":{"line":93,"column":18}},"loc":{"start":{"line":93,"column":23},"end":{"line":98,"column":2}},"line":93},"7":{"name":"(anonymous_7)","decl":{"start":{"line":136,"column":48},"end":{"line":136,"column":49}},"loc":{"start":{"line":136,"column":74},"end":{"line":140,"column":7}},"line":136},"8":{"name":"(anonymous_8)","decl":{"start":{"line":139,"column":16},"end":{"line":139,"column":17}},"loc":{"start":{"line":139,"column":22},"end":{"line":139,"column":55}},"line":139},"9":{"name":"(anonymous_9)","decl":{"start":{"line":152,"column":18},"end":{"line":152,"column":19}},"loc":{"start":{"line":152,"column":24},"end":{"line":152,"column":62}},"line":152},"10":{"name":"(anonymous_10)","decl":{"start":{"line":157,"column":18},"end":{"line":157,"column":19}},"loc":{"start":{"line":157,"column":24},"end":{"line":157,"column":63}},"line":157},"11":{"name":"(anonymous_11)","decl":{"start":{"line":172,"column":18},"end":{"line":172,"column":19}},"loc":{"start":{"line":172,"column":24},"end":{"line":172,"column":63}},"line":172},"12":{"name":"(anonymous_12)","decl":{"start":{"line":177,"column":18},"end":{"line":177,"column":19}},"loc":{"start":{"line":177,"column":24},"end":{"line":177,"column":66}},"line":177},"13":{"name":"(anonymous_13)","decl":{"start":{"line":197,"column":9},"end":{"line":197,"column":10}},"loc":{"start":{"line":197,"column":16},"end":{"line":202,"column":10}},"line":197}},"branchMap":{"0":{"loc":{"start":{"line":65,"column":30},"end":{"line":65,"column":47}},"type":"binary-expr","locations":[{"start":{"line":65,"column":30},"end":{"line":65,"column":41}},{"start":{"line":65,"column":45},"end":{"line":65,"column":47}}],"line":65},"1":{"loc":{"start":{"line":94,"column":2},"end":{"line":96,"column":3}},"type":"if","locations":[{"start":{"line":94,"column":2},"end":{"line":96,"column":3}},{"start":{},"end":{}}],"line":94},"2":{"loc":{"start":{"line":95,"column":10},"end":{"line":95,"column":28}},"type":"cond-expr","locations":[{"start":{"line":95,"column":19},"end":{"line":95,"column":22}},{"start":{"line":95,"column":25},"end":{"line":95,"column":28}}],"line":95},"3":{"loc":{"start":{"line":97,"column":9},"end":{"line":97,"column":27}},"type":"cond-expr","locations":[{"start":{"line":97,"column":18},"end":{"line":97,"column":21}},{"start":{"line":97,"column":24},"end":{"line":97,"column":27}}],"line":97},"4":{"loc":{"start":{"line":104,"column":39},"end":{"line":104,"column":78}},"type":"cond-expr","locations":[{"start":{"line":104,"column":56},"end":{"line":104,"column":73}},{"start":{"line":104,"column":76},"end":{"line":104,"column":78}}],"line":104},"5":{"loc":{"start":{"line":104,"column":82},"end":{"line":104,"column":105}},"type":"cond-expr","locations":[{"start":{"line":104,"column":91},"end":{"line":104,"column":100}},{"start":{"line":104,"column":103},"end":{"line":104,"column":105}}],"line":104},"6":{"loc":{"start":{"line":143,"column":5},"end":{"line":162,"column":5}},"type":"binary-expr","locations":[{"start":{"line":143,"column":5},"end":{"line":143,"column":20}},{"start":{"line":144,"column":5},"end":{"line":161,"column":20}}],"line":143},"7":{"loc":{"start":{"line":163,"column":5},"end":{"line":182,"column":5}},"type":"binary-expr","locations":[{"start":{"line":163,"column":5},"end":{"line":163,"column":19}},{"start":{"line":164,"column":5},"end":{"line":181,"column":20}}],"line":163},"8":{"loc":{"start":{"line":190,"column":14},"end":{"line":190,"column":53}},"type":"cond-expr","locations":[{"start":{"line":190,"column":31},"end":{"line":190,"column":41}},{"start":{"line":190,"column":44},"end":{"line":190,"column":53}}],"line":190},"9":{"loc":{"start":{"line":191,"column":11},"end":{"line":191,"column":48}},"type":"cond-expr","locations":[{"start":{"line":191,"column":28},"end":{"line":191,"column":36}},{"start":{"line":191,"column":39},"end":{"line":191,"column":48}}],"line":191},"10":{"loc":{"start":{"line":192,"column":15},"end":{"line":192,"column":45}},"type":"cond-expr","locations":[{"start":{"line":192,"column":32},"end":{"line":192,"column":33}},{"start":{"line":192,"column":36},"end":{"line":192,"column":45}}],"line":192},"11":{"loc":{"start":{"line":193,"column":20},"end":{"line":193,"column":55}},"type":"cond-expr","locations":[{"start":{"line":193,"column":37},"end":{"line":193,"column":43}},{"start":{"line":193,"column":46},"end":{"line":193,"column":55}}],"line":193},"12":{"loc":{"start":{"line":194,"column":20},"end":{"line":194,"column":73}},"type":"cond-expr","locations":[{"start":{"line":194,"column":37},"end":{"line":194,"column":61}},{"start":{"line":194,"column":64},"end":{"line":194,"column":73}}],"line":194},"13":{"loc":{"start":{"line":196,"column":6},"end":{"line":203,"column":18}},"type":"cond-expr","locations":[{"start":{"line":197,"column":9},"end":{"line":202,"column":10}},{"start":{"line":203,"column":9},"end":{"line":203,"column":18}}],"line":196},"14":{"loc":{"start":{"line":198,"column":9},"end":{"line":201,"column":10}},"type":"if","locations":[{"start":{"line":198,"column":9},"end":{"line":201,"column":10}},{"start":{},"end":{}}],"line":198},"15":{"loc":{"start":{"line":198,"column":13},"end":{"line":198,"column":47}},"type":"binary-expr","locations":[{"start":{"line":198,"column":13},"end":{"line":198,"column":30}},{"start":{"line":198,"column":34},"end":{"line":198,"column":47}}],"line":198},"16":{"loc":{"start":{"line":207,"column":6},"end":{"line":211,"column":6}},"type":"binary-expr","locations":[{"start":{"line":207,"column":7},"end":{"line":207,"column":22}},{"start":{"line":207,"column":26},"end":{"line":207,"column":39}},{"start":{"line":208,"column":6},"end":{"line":210,"column":13}}],"line":207},"17":{"loc":{"start":{"line":224,"column":6},"end":{"line":228,"column":6}},"type":"binary-expr","locations":[{"start":{"line":224,"column":6},"end":{"line":224,"column":20}},{"start":{"line":225,"column":6},"end":{"line":227,"column":13}}],"line":224},"18":{"loc":{"start":{"line":232,"column":5},"end":{"line":241,"column":5}},"type":"binary-expr","locations":[{"start":{"line":232,"column":5},"end":{"line":232,"column":19}},{"start":{"line":233,"column":5},"end":{"line":240,"column":11}}],"line":232},"19":{"loc":{"start":{"line":235,"column":50},"end":{"line":235,"column":85}},"type":"cond-expr","locations":[{"start":{"line":235,"column":59},"end":{"line":235,"column":71}},{"start":{"line":235,"column":74},"end":{"line":235,"column":85}}],"line":235},"20":{"loc":{"start":{"line":244,"column":5},"end":{"line":249,"column":5}},"type":"binary-expr","locations":[{"start":{"line":244,"column":5},"end":{"line":244,"column":20}},{"start":{"line":245,"column":5},"end":{"line":248,"column":11}}],"line":244}},"s":{"0":3,"1":41,"2":41,"3":1,"4":1,"5":41,"6":41,"7":41,"8":3,"9":41,"10":10,"11":41,"12":3,"13":41,"14":33,"15":4,"16":29,"17":41,"18":41,"19":41,"20":41,"21":123,"22":3,"23":1,"24":0,"25":1,"26":1,"27":11,"28":1,"29":1},"f":{"0":41,"1":1,"2":41,"3":3,"4":10,"5":3,"6":33,"7":123,"8":3,"9":1,"10":0,"11":1,"12":1,"13":11},"b":{"0":[41,0],"1":[4,29],"2":[2,2],"3":[1,28],"4":[33,8],"5":[3,38],"6":[41,33],"7":[41,33],"8":[33,8],"9":[33,8],"10":[33,8],"11":[33,8],"12":[33,8],"13":[33,8],"14":[1,10],"15":[11,11],"16":[41,33,10],"17":[41,33],"18":[41,33],"19":[3,30],"20":[41,8]},"_coverageSchema":"1a1c01bbd47fc00a2c39e90264f33305004495a9","hash":"1ffe98dd1e47184b94ea4b9005355b6a2b4d3461"}
,"/Users/danieliser/Projects/ProContent/WebsiteCode/integration-features/src/integration-features/index.ts": {"path":"/Users/danieliser/Projects/ProContent/WebsiteCode/integration-features/src/integration-features/index.ts","statementMap":{"0":{"start":{"line":31,"column":0},"end":{"line":35,"column":55}}},"fnMap":{},"branchMap":{},"s":{"0":1},"f":{},"b":{},"_coverageSchema":"1a1c01bbd47fc00a2c39e90264f33305004495a9","hash":"573ad01f99ec96c78cadd2ee6ae12dd15baa41c7"}
,"/Users/danieliser/Projects/ProContent/WebsiteCode/integration-features/src/integration-features/save.tsx": {"path":"/Users/danieliser/Projects/ProContent/WebsiteCode/integration-features/src/integration-features/save.tsx","statementMap":{"0":{"start":{"line":8,"column":50},"end":{"line":24,"column":1}},"1":{"start":{"line":36,"column":51},"end":{"line":36,"column":61}},"2":{"start":{"line":41,"column":26},"end":{"line":43,"column":3}},"3":{"start":{"line":50,"column":2},"end":{"line":51,"column":53}},"4":{"start":{"line":56,"column":21},"end":{"line":56,"column":58}},"5":{"start":{"line":62,"column":14},"end":{"line":62,"column":52}},"6":{"start":{"line":67,"column":20},"end":{"line":69,"column":3}},"7":{"start":{"line":74,"column":1},"end":{"line":103,"column":2}},"8":{"start":{"line":76,"column":2},"end":{"line":102,"column":4}},"9":{"start":{"line":106,"column":1},"end":{"line":124,"column":3}}},"fnMap":{"0":{"name":"Save","decl":{"start":{"line":35,"column":24},"end":{"line":35,"column":28}},"loc":{"start":{"line":35,"column":56},"end":{"line":125,"column":1}},"line":35}},"branchMap":{"0":{"loc":{"start":{"line":50,"column":2},"end":{"line":51,"column":53}},"type":"binary-expr","locations":[{"start":{"line":50,"column":2},"end":{"line":50,"column":27}},{"start":{"line":51,"column":2},"end":{"line":51,"column":53}}],"line":50},"1":{"loc":{"start":{"line":56,"column":21},"end":{"line":56,"column":58}},"type":"binary-expr","locations":[{"start":{"line":56,"column":21},"end":{"line":56,"column":38}},{"start":{"line":56,"column":42},"end":{"line":56,"column":58}}],"line":56},"2":{"loc":{"start":{"line":62,"column":14},"end":{"line":62,"column":52}},"type":"cond-expr","locations":[{"start":{"line":62,"column":43},"end":{"line":62,"column":46}},{"start":{"line":62,"column":49},"end":{"line":62,"column":52}}],"line":62},"3":{"loc":{"start":{"line":68,"column":39},"end":{"line":68,"column":78}},"type":"cond-expr","locations":[{"start":{"line":68,"column":56},"end":{"line":68,"column":73}},{"start":{"line":68,"column":76},"end":{"line":68,"column":78}}],"line":68},"4":{"loc":{"start":{"line":74,"column":1},"end":{"line":103,"column":2}},"type":"if","locations":[{"start":{"line":74,"column":1},"end":{"line":103,"column":2}},{"start":{},"end":{}}],"line":74},"5":{"loc":{"start":{"line":80,"column":6},"end":{"line":84,"column":6}},"type":"binary-expr","locations":[{"start":{"line":80,"column":7},"end":{"line":80,"column":22}},{"start":{"line":80,"column":26},"end":{"line":80,"column":39}},{"start":{"line":81,"column":6},"end":{"line":83,"column":13}}],"line":80},"6":{"loc":{"start":{"line":110,"column":5},"end":{"line":114,"column":5}},"type":"binary-expr","locations":[{"start":{"line":110,"column":6},"end":{"line":110,"column":21}},{"start":{"line":110,"column":25},"end":{"line":110,"column":38}},{"start":{"line":111,"column":5},"end":{"line":113,"column":12}}],"line":110}},"s":{"0":3,"1":46,"2":46,"3":46,"4":46,"5":46,"6":46,"7":46,"8":46,"9":0},"f":{"0":46},"b":{"0":[46,46],"1":[46,0],"2":[3,43],"3":[46,0],"4":[46,0],"5":[46,37,11],"6":[0,0,0]},"_coverageSchema":"1a1c01bbd47fc00a2c39e90264f33305004495a9","hash":"94ee1b190aa7c436081bb8426c31b1fc18369dbc"}
,"/Users/danieliser/Projects/ProContent/WebsiteCode/integration-features/src/integration-features/lib/hasDescription.ts": {"path":"/Users/danieliser/Projects/ProContent/WebsiteCode/integration-features/src/integration-features/lib/hasDescription.ts","statementMap":{"0":{"start":{"line":13,"column":1},"end":{"line":15,"column":2}},"1":{"start":{"line":14,"column":2},"end":{"line":14,"column":15}},"2":{"start":{"line":17,"column":1},"end":{"line":38,"column":4}},"3":{"start":{"line":18,"column":25},"end":{"line":18,"column":27}},"4":{"start":{"line":20,"column":2},"end":{"line":33,"column":3}},"5":{"start":{"line":23,"column":4},"end":{"line":23,"column":67}},"6":{"start":{"line":24,"column":4},"end":{"line":24,"column":10}},"7":{"start":{"line":27,"column":4},"end":{"line":27,"column":66}},"8":{"start":{"line":28,"column":4},"end":{"line":28,"column":10}},"9":{"start":{"line":32,"column":4},"end":{"line":32,"column":16}},"10":{"start":{"line":36,"column":19},"end":{"line":36,"column":59}},"11":{"start":{"line":37,"column":2},"end":{"line":37,"column":36}}},"fnMap":{"0":{"name":"computeHasDescription","decl":{"start":{"line":12,"column":16},"end":{"line":12,"column":37}},"loc":{"start":{"line":12,"column":90},"end":{"line":39,"column":1}},"line":12},"1":{"name":"(anonymous_1)","decl":{"start":{"line":17,"column":25},"end":{"line":17,"column":26}},"loc":{"start":{"line":17,"column":54},"end":{"line":38,"column":2}},"line":17}},"branchMap":{"0":{"loc":{"start":{"line":13,"column":1},"end":{"line":15,"column":2}},"type":"if","locations":[{"start":{"line":13,"column":1},"end":{"line":15,"column":2}},{"start":{},"end":{}}],"line":13},"1":{"loc":{"start":{"line":13,"column":5},"end":{"line":13,"column":45}},"type":"binary-expr","locations":[{"start":{"line":13,"column":5},"end":{"line":13,"column":17}},{"start":{"line":13,"column":21},"end":{"line":13,"column":45}}],"line":13},"2":{"loc":{"start":{"line":20,"column":2},"end":{"line":33,"column":3}},"type":"switch","locations":[{"start":{"line":21,"column":3},"end":{"line":21,"column":25}},{"start":{"line":22,"column":3},"end":{"line":24,"column":10}},{"start":{"line":26,"column":3},"end":{"line":28,"column":10}},{"start":{"line":30,"column":3},"end":{"line":32,"column":16}}],"line":20},"3":{"loc":{"start":{"line":23,"column":23},"end":{"line":23,"column":66}},"type":"binary-expr","locations":[{"start":{"line":23,"column":24},"end":{"line":23,"column":59}},{"start":{"line":23,"column":64},"end":{"line":23,"column":66}}],"line":23},"4":{"loc":{"start":{"line":27,"column":23},"end":{"line":27,"column":65}},"type":"binary-expr","locations":[{"start":{"line":27,"column":24},"end":{"line":27,"column":58}},{"start":{"line":27,"column":63},"end":{"line":27,"column":65}}],"line":27}},"s":{"0":65,"1":11,"2":54,"3":56,"4":56,"5":51,"6":51,"7":3,"8":3,"9":2,"10":54,"11":54},"f":{"0":65,"1":56},"b":{"0":[11,54],"1":[65,63],"2":[47,51,3,2],"3":[51,7],"4":[3,1]},"_coverageSchema":"1a1c01bbd47fc00a2c39e90264f33305004495a9","hash":"1d0f853332fb4f9d03284fb92db50246119c442a"}
}
