TN:
SF:src/integration-features/edit.tsx
FN:46,Edit
FN:53,(anonymous_1)
FN:65,(anonymous_2)
FN:72,(anonymous_3)
FN:79,(anonymous_4)
FN:86,(anonymous_5)
FN:93,(anonymous_6)
FN:136,(anonymous_7)
FN:139,(anonymous_8)
FN:152,(anonymous_9)
FN:157,(anonymous_10)
FN:172,(anonymous_11)
FN:177,(anonymous_12)
FN:197,(anonymous_13)
FNF:14
FNH:13
FNDA:41,Edit
FNDA:1,(anonymous_1)
FNDA:41,(anonymous_2)
FNDA:3,(anonymous_3)
FNDA:10,(anonymous_4)
FNDA:3,(anonymous_5)
FNDA:33,(anonymous_6)
FNDA:123,(anonymous_7)
FNDA:3,(anonymous_8)
FNDA:1,(anonymous_9)
FNDA:0,(anonymous_10)
FNDA:1,(anonymous_11)
FNDA:1,(anonymous_12)
FNDA:11,(anonymous_13)
DA:23,3
DA:47,41
DA:52,41
DA:54,1
DA:55,1
DA:64,41
DA:65,41
DA:72,41
DA:73,3
DA:79,41
DA:80,10
DA:86,41
DA:87,3
DA:93,41
DA:94,33
DA:95,4
DA:97,29
DA:103,41
DA:110,41
DA:126,41
DA:128,41
DA:136,123
DA:139,3
DA:152,1
DA:157,0
DA:172,1
DA:177,1
DA:198,11
DA:199,1
DA:200,1
LF:30
LH:29
BRDA:65,0,0,41
BRDA:65,0,1,0
BRDA:94,1,0,4
BRDA:94,1,1,29
BRDA:95,2,0,2
BRDA:95,2,1,2
BRDA:97,3,0,1
BRDA:97,3,1,28
BRDA:104,4,0,33
BRDA:104,4,1,8
BRDA:104,5,0,3
BRDA:104,5,1,38
BRDA:143,6,0,41
BRDA:143,6,1,33
BRDA:163,7,0,41
BRDA:163,7,1,33
BRDA:190,8,0,33
BRDA:190,8,1,8
BRDA:191,9,0,33
BRDA:191,9,1,8
BRDA:192,10,0,33
BRDA:192,10,1,8
BRDA:193,11,0,33
BRDA:193,11,1,8
BRDA:194,12,0,33
BRDA:194,12,1,8
BRDA:196,13,0,33
BRDA:196,13,1,8
BRDA:198,14,0,1
BRDA:198,14,1,10
BRDA:198,15,0,11
BRDA:198,15,1,11
BRDA:207,16,0,41
BRDA:207,16,1,33
BRDA:207,16,2,10
BRDA:224,17,0,41
BRDA:224,17,1,33
BRDA:232,18,0,41
BRDA:232,18,1,33
BRDA:235,19,0,3
BRDA:235,19,1,30
BRDA:244,20,0,41
BRDA:244,20,1,8
BRF:43
BRH:42
end_of_record
TN:
SF:src/integration-features/index.ts
FNF:0
FNH:0
DA:31,1
LF:1
LH:1
BRF:0
BRH:0
end_of_record
TN:
SF:src/integration-features/save.tsx
FN:35,Save
FNF:1
FNH:1
FNDA:46,Save
DA:8,3
DA:36,46
DA:41,46
DA:50,46
DA:56,46
DA:62,46
DA:67,46
DA:74,46
DA:76,46
DA:106,0
LF:10
LH:9
BRDA:50,0,0,46
BRDA:50,0,1,46
BRDA:56,1,0,46
BRDA:56,1,1,0
BRDA:62,2,0,3
BRDA:62,2,1,43
BRDA:68,3,0,46
BRDA:68,3,1,0
BRDA:74,4,0,46
BRDA:74,4,1,0
BRDA:80,5,0,46
BRDA:80,5,1,37
BRDA:80,5,2,11
BRDA:110,6,0,0
BRDA:110,6,1,0
BRDA:110,6,2,0
BRF:16
BRH:10
end_of_record
TN:
SF:src/integration-features/lib/hasDescription.ts
FN:12,computeHasDescription
FN:17,(anonymous_1)
FNF:2
FNH:2
FNDA:65,computeHasDescription
FNDA:56,(anonymous_1)
DA:13,65
DA:14,11
DA:17,54
DA:18,56
DA:20,56
DA:23,51
DA:24,51
DA:27,3
DA:28,3
DA:32,2
DA:36,54
DA:37,54
LF:12
LH:12
BRDA:13,0,0,11
BRDA:13,0,1,54
BRDA:13,1,0,65
BRDA:13,1,1,63
BRDA:20,2,0,47
BRDA:20,2,1,51
BRDA:20,2,2,3
BRDA:20,2,3,2
BRDA:23,3,0,51
BRDA:23,3,1,7
BRDA:27,4,0,3
BRDA:27,4,1,1
BRF:12
BRH:12
end_of_record
